<?xml version="1.0" encoding="UTF-8"?>
<!-- Generated by org.testng.reporters.JUnitXMLReporter -->
<testsuite ignored="0" hostname="BEL-MNL-LT060" failures="1" tests="1" name="TestName2" time="12.312" errors="0" timestamp="2024-01-18T11:51:17 EST">
  <testcase classname="com.DemoLogin.BaseClassTest" name="myTest" time="5.511">
    <failure type="java.lang.AssertionError" message="expected [true] but found [false]">
      <![CDATA[java.lang.AssertionError: expected [true] but found [false]
at com.DemoLogin.BaseClassTest.myTest(BaseClassTest.java:18)
at java.base/java.util.ArrayList.forEach(ArrayList.java:1511)
... Removed 33 stack frames]]>
    </failure>
  </testcase> <!-- myTest -->
</testsuite> <!-- TestName2 -->
