<?xml version="1.0" encoding="UTF-8"?>
<!-- Generated by org.testng.reporters.JUnitXMLReporter -->
<testsuite ignored="0" hostname="BEL-MNL-LT060" failures="1" tests="1" name="BaseClassTest1" time="21.479" errors="0" timestamp="2024-02-12T11:14:39 EST">
  <testcase classname="com.DemoLogin.BaseClassTest1" name="myTest" time="12.601">
    <failure type="java.lang.AssertionError" message="expected [YouTube] but found [google]">
      <![CDATA[java.lang.AssertionError: expected [YouTube] but found [google]
at com.DemoLogin.BaseClassTest1.myTest(BaseClassTest1.java:13)
at java.base/java.util.ArrayList.forEach(ArrayList.java:1511)
... Removed 35 stack frames]]>
    </failure>
  </testcase> <!-- myTest -->
</testsuite> <!-- BaseClassTest1 -->
